current directory: /Users/bones/tichugg/play.tichu/gems/thin-1.8.2/ext/thin_parser
/Users/bones/.rbenv/versions/3.1.2/bin/ruby extconf.rb
checking for main() in -lc... yes
creating Makefile

current directory: /Users/bones/tichugg/play.tichu/gems/thin-1.8.2/ext/thin_parser
make DESTDIR\= sitearchdir\=./.gem.20240811-3050-408me2 sitelibdir\=./.gem.20240811-3050-408me2 clean

current directory: /Users/bones/tichugg/play.tichu/gems/thin-1.8.2/ext/thin_parser
make DESTDIR\= sitearchdir\=./.gem.20240811-3050-408me2 sitelibdir\=./.gem.20240811-3050-408me2
compiling parser.c
parser.c:31:18: warning: unused variable 'http_parser_en_main' [-Wunused-const-variable]
static const int http_parser_en_main = 1;
                 ^
1 warning generated.
compiling thin.c
linking shared-object thin_parser.bundle

current directory: /Users/bones/tichugg/play.tichu/gems/thin-1.8.2/ext/thin_parser
make DESTDIR\= sitearchdir\=./.gem.20240811-3050-408me2 sitelibdir\=./.gem.20240811-3050-408me2 install
/opt/homebrew/bin/ginstall -c -m 0755 thin_parser.bundle ./.gem.20240811-3050-408me2

current directory: /Users/bones/tichugg/play.tichu/gems/thin-1.8.2/ext/thin_parser
make DESTDIR\= sitearchdir\=./.gem.20240811-3050-408me2 sitelibdir\=./.gem.20240811-3050-408me2 clean
